#
# There is insufficient memory for the Java Runtime Environment to continue.
# Native memory allocation (malloc) failed to allocate 32744 bytes for ChunkPool::allocate
# Possible reasons:
#   The system is out of physical RAM or swap space
#   In 32 bit mode, the process size limit was hit
# Possible solutions:
#   Reduce memory load on the system
#   Increase physical memory or swap space
#   Check if swap backing store is full
#   Use 64 bit Java on a 64 bit OS
#   Decrease Java heap size (-Xmx/-Xms)
#   Decrease number of Java threads
#   Decrease Java thread stack sizes (-Xss)
#   Set larger code cache with -XX:ReservedCodeCacheSize=
# This output file may be truncated or incomplete.
#
#  Out of Memory Error (allocation.cpp:273), pid=6176, tid=0x0000000000001af0
#
# JRE version: Java(TM) SE Runtime Environment (8.0_111-b14) (build 1.8.0_111-b14)
# Java VM: Java HotSpot(TM) 64-Bit Server VM (25.111-b14 mixed mode windows-amd64 compressed oops)
# Failed to write core dump. Minidumps are not enabled by default on client versions of Windows
#

---------------  T H R E A D  ---------------

Current thread (0x0000000015357000):  JavaThread "C2 CompilerThread1" daemon [_thread_in_native, id=6896, stack(0x0000000016a80000,0x0000000016b80000)]

Stack: [0x0000000016a80000,0x0000000016b80000]
[error occurred during error reporting (printing stack bounds), id 0xc0000005]

Native frames: (J=compiled Java code, j=interpreted, Vv=VM code, C=native code)


Current CompileTask:
C2: 215273 5483       4       sun.reflect.generics.parser.SignatureParser::parseFieldTypeSignature (73 bytes)


---------------  P R O C E S S  ---------------

Java Threads: ( => current thread )
  0x000000001850c800 JavaThread "Stdin handler" [_thread_blocked, id=6032, stack(0x0000000019590000,0x0000000019690000)]
  0x000000001850f800 JavaThread "Daemon worker Thread 2" [_thread_in_native, id=6992, stack(0x0000000019490000,0x0000000019590000)]
  0x000000001850c000 JavaThread "Cancel handler" [_thread_blocked, id=4092, stack(0x0000000019390000,0x0000000019490000)]
  0x000000001850e000 JavaThread "Handler for socket connection from /127.0.0.1:59251 to /127.0.0.1:59353" [_thread_in_native, id=3580, stack(0x0000000019290000,0x0000000019390000)]
  0x000000001850d800 JavaThread "Daemon Thread 2" [_thread_blocked, id=2988, stack(0x0000000019190000,0x0000000019290000)]
  0x000000001b50d000 JavaThread "File lock request listener" [_thread_in_native, id=6420, stack(0x0000000019890000,0x0000000019990000)]
  0x0000000017f18800 JavaThread "Incoming local TCP Connector on port 59251" [_thread_in_native, id=6904, stack(0x0000000017b70000,0x0000000017c70000)]
  0x0000000016cc0000 JavaThread "Service Thread" daemon [_thread_blocked, id=3412, stack(0x0000000017080000,0x0000000017180000)]
  0x0000000015365000 JavaThread "C1 CompilerThread2" daemon [_thread_blocked, id=7052, stack(0x0000000016b80000,0x0000000016c80000)]
=>0x0000000015357000 JavaThread "C2 CompilerThread1" daemon [_thread_in_native, id=6896, stack(0x0000000016a80000,0x0000000016b80000)]
  0x0000000015352000 JavaThread "C2 CompilerThread0" daemon [_thread_in_native, id=3724, stack(0x0000000016980000,0x0000000016a80000)]
  0x0000000015350000 JavaThread "Attach Listener" daemon [_thread_blocked, id=7128, stack(0x0000000016880000,0x0000000016980000)]
  0x000000001534f000 JavaThread "Signal Dispatcher" daemon [_thread_blocked, id=3680, stack(0x0000000016780000,0x0000000016880000)]
  0x0000000002b9d800 JavaThread "Finalizer" daemon [_thread_blocked, id=5556, stack(0x00000000165a0000,0x00000000166a0000)]
  0x0000000002b92000 JavaThread "Reference Handler" daemon [_thread_blocked, id=6744, stack(0x00000000164a0000,0x00000000165a0000)]
  0x0000000002aa4000 JavaThread "main" [_thread_blocked, id=1716, stack(0x0000000002980000,0x0000000002a80000)]

Other Threads:
  0x0000000015318000 VMThread [stack: 0x00000000163a0000,0x00000000164a0000] [id=7064]
  0x0000000016cc3800 WatcherThread [stack: 0x0000000017180000,0x0000000017280000] [id=5196]

VM state:not at safepoint (normal execution)

VM Mutex/Monitor currently owned by a thread: None

Heap:
 PSYoungGen      total 324608K, used 101281K [0x00000000eab00000, 0x0000000100000000, 0x0000000100000000)
  eden space 299520K, 33% used [0x00000000eab00000,0x00000000f0de8598,0x00000000fcf80000)
  from space 25088K, 0% used [0x00000000fe780000,0x00000000fe780000,0x0000000100000000)
  to   space 24576K, 0% used [0x00000000fcf80000,0x00000000fcf80000,0x00000000fe780000)
 ParOldGen       total 97280K, used 39004K [0x00000000c0000000, 0x00000000c5f00000, 0x00000000eab00000)
  object space 97280K, 40% used [0x00000000c0000000,0x00000000c2617180,0x00000000c5f00000)
 Metaspace       used 39525K, capacity 41184K, committed 41472K, reserved 1085440K
  class space    used 5490K, capacity 6045K, committed 6144K, reserved 1048576K

Card table byte_map: [0x0000000012040000,0x0000000012250000] byte_map_base: 0x0000000011a40000

Marking Bits: (ParMarkBitMap*) 0x000000005928a6c0
 Begin Bits: [0x00000000127b0000, 0x00000000137b0000)
 End Bits:   [0x00000000137b0000, 0x00000000147b0000)

Polling page: 0x0000000001060000

CodeCache: size=245760Kb used=17220Kb max_used=18512Kb free=228539Kb
 bounds [0x0000000002c80000, 0x0000000003ea0000, 0x0000000011c80000]
 total_blobs=5479 nmethods=4832 adapters=558
 compilation: enabled

Compilation events (10 events):
Event: 215.172 Thread 0x0000000015365000 5614   !   2       org.codehaus.groovy.reflection.GeneratedMetaMethod$Proxy::proxy (37 bytes)
Event: 215.172 Thread 0x0000000015365000 nmethod 5614 0x0000000002f878d0 code [0x0000000002f87a40, 0x0000000002f87d68]
Event: 215.173 Thread 0x0000000015365000 5615       1       org.gradle.mvn3.org.apache.maven.model.Dependency::getVersion (5 bytes)
Event: 215.173 Thread 0x0000000015365000 nmethod 5615 0x0000000002ee0450 code [0x0000000002ee05a0, 0x0000000002ee06b0]
Event: 215.179 Thread 0x0000000015365000 5616       2       org.codehaus.groovy.runtime.MetaClassHelper::sameClasses (9 bytes)
Event: 215.180 Thread 0x0000000015365000 nmethod 5616 0x0000000003042650 code [0x00000000030427a0, 0x00000000030428f0]
Event: 215.182 Thread 0x0000000015365000 5617       2       org.codehaus.groovy.runtime.ScriptBytecodeAdapter::compareNotEqual (14 bytes)
Event: 215.182 Thread 0x0000000015365000 nmethod 5617 0x00000000030422d0 code [0x0000000003042420, 0x0000000003042588]
Event: 215.182 Thread 0x0000000015365000 5618   !   2       sun.reflect.GeneratedMethodAccessor33::invoke (61 bytes)
Event: 215.182 Thread 0x0000000015365000 nmethod 5618 0x0000000003282a50 code [0x0000000003282c20, 0x0000000003283068]

GC Heap History (10 events):
Event: 7.316 GC heap before
{Heap before GC invocations=7 (full 1):
 PSYoungGen      total 138240K, used 138240K [0x00000000eab00000, 0x00000000fb580000, 0x0000000100000000)
  eden space 133120K, 100% used [0x00000000eab00000,0x00000000f2d00000,0x00000000f2d00000)
  from space 5120K, 100% used [0x00000000f2d00000,0x00000000f3200000,0x00000000f3200000)
  to   space 16384K, 0% used [0x00000000fa580000,0x00000000fa580000,0x00000000fb580000)
 ParOldGen       total 59904K, used 20663K [0x00000000c0000000, 0x00000000c3a80000, 0x00000000eab00000)
  object space 59904K, 34% used [0x00000000c0000000,0x00000000c142df48,0x00000000c3a80000)
 Metaspace       used 32202K, capacity 33162K, committed 33408K, reserved 1077248K
  class space    used 4531K, capacity 4919K, committed 4992K, reserved 1048576K
Event: 7.364 GC heap after
Heap after GC invocations=7 (full 1):
 PSYoungGen      total 251392K, used 16384K [0x00000000eab00000, 0x00000000fb980000, 0x0000000100000000)
  eden space 235008K, 0% used [0x00000000eab00000,0x00000000eab00000,0x00000000f9080000)
  from space 16384K, 100% used [0x00000000fa580000,0x00000000fb580000,0x00000000fb580000)
  to   space 20992K, 0% used [0x00000000f9080000,0x00000000f9080000,0x00000000fa500000)
 ParOldGen       total 59904K, used 22868K [0x00000000c0000000, 0x00000000c3a80000, 0x00000000eab00000)
  object space 59904K, 38% used [0x00000000c0000000,0x00000000c1655238,0x00000000c3a80000)
 Metaspace       used 32202K, capacity 33162K, committed 33408K, reserved 1077248K
  class space    used 4531K, capacity 4919K, committed 4992K, reserved 1048576K
}
Event: 8.112 GC heap before
{Heap before GC invocations=8 (full 1):
 PSYoungGen      total 251392K, used 61776K [0x00000000eab00000, 0x00000000fb980000, 0x0000000100000000)
  eden space 235008K, 19% used [0x00000000eab00000,0x00000000ed754060,0x00000000f9080000)
  from space 16384K, 100% used [0x00000000fa580000,0x00000000fb580000,0x00000000fb580000)
  to   space 20992K, 0% used [0x00000000f9080000,0x00000000f9080000,0x00000000fa500000)
 ParOldGen       total 59904K, used 22868K [0x00000000c0000000, 0x00000000c3a80000, 0x00000000eab00000)
  object space 59904K, 38% used [0x00000000c0000000,0x00000000c1655238,0x00000000c3a80000)
 Metaspace       used 34144K, capacity 35258K, committed 35416K, reserved 1079296K
  class space    used 4823K, capacity 5273K, committed 5376K, reserved 1048576K
Event: 8.156 GC heap after
Heap after GC invocations=8 (full 1):
 PSYoungGen      total 256000K, used 20976K [0x00000000eab00000, 0x0000000100000000, 0x0000000100000000)
  eden space 235008K, 0% used [0x00000000eab00000,0x00000000eab00000,0x00000000f9080000)
  from space 20992K, 99% used [0x00000000f9080000,0x00000000fa4fc010,0x00000000fa500000)
  to   space 25088K, 0% used [0x00000000fe780000,0x00000000fe780000,0x0000000100000000)
 ParOldGen       total 59904K, used 23688K [0x00000000c0000000, 0x00000000c3a80000, 0x00000000eab00000)
  object space 59904K, 39% used [0x00000000c0000000,0x00000000c17222b0,0x00000000c3a80000)
 Metaspace       used 34144K, capacity 35258K, committed 35416K, reserved 1079296K
  class space    used 4823K, capacity 5273K, committed 5376K, reserved 1048576K
}
Event: 8.156 GC heap before
{Heap before GC invocations=9 (full 2):
 PSYoungGen      total 256000K, used 20976K [0x00000000eab00000, 0x0000000100000000, 0x0000000100000000)
  eden space 235008K, 0% used [0x00000000eab00000,0x00000000eab00000,0x00000000f9080000)
  from space 20992K, 99% used [0x00000000f9080000,0x00000000fa4fc010,0x00000000fa500000)
  to   space 25088K, 0% used [0x00000000fe780000,0x00000000fe780000,0x0000000100000000)
 ParOldGen       total 59904K, used 23688K [0x00000000c0000000, 0x00000000c3a80000, 0x00000000eab00000)
  object space 59904K, 39% used [0x00000000c0000000,0x00000000c17222b0,0x00000000c3a80000)
 Metaspace       used 34144K, capacity 35258K, committed 35416K, reserved 1079296K
  class space    used 4823K, capacity 5273K, committed 5376K, reserved 1048576K
Event: 8.355 GC heap after
Heap after GC invocations=9 (full 2):
 PSYoungGen      total 256000K, used 0K [0x00000000eab00000, 0x0000000100000000, 0x0000000100000000)
  eden space 235008K, 0% used [0x00000000eab00000,0x00000000eab00000,0x00000000f9080000)
  from space 20992K, 0% used [0x00000000f9080000,0x00000000f9080000,0x00000000fa500000)
  to   space 25088K, 0% used [0x00000000fe780000,0x00000000fe780000,0x0000000100000000)
 ParOldGen       total 97280K, used 37321K [0x00000000c0000000, 0x00000000c5f00000, 0x00000000eab00000)
  object space 97280K, 38% used [0x00000000c0000000,0x00000000c2472688,0x00000000c5f00000)
 Metaspace       used 34144K, capacity 35258K, committed 35416K, reserved 1079296K
  class space    used 4823K, capacity 5273K, committed 5376K, reserved 1048576K
}
Event: 11.146 GC heap before
{Heap before GC invocations=10 (full 2):
 PSYoungGen      total 256000K, used 159708K [0x00000000eab00000, 0x0000000100000000, 0x0000000100000000)
  eden space 235008K, 67% used [0x00000000eab00000,0x00000000f46f7130,0x00000000f9080000)
  from space 20992K, 0% used [0x00000000f9080000,0x00000000f9080000,0x00000000fa500000)
  to   space 25088K, 0% used [0x00000000fe780000,0x00000000fe780000,0x0000000100000000)
 ParOldGen       total 97280K, used 37321K [0x00000000c0000000, 0x00000000c5f00000, 0x00000000eab00000)
  object space 97280K, 38% used [0x00000000c0000000,0x00000000c2472688,0x00000000c5f00000)
 Metaspace       used 37462K, capacity 38794K, committed 39040K, reserved 1083392K
  class space    used 5222K, capacity 5684K, committed 5760K, reserved 1048576K
Event: 11.156 GC heap after
Heap after GC invocations=10 (full 2):
 PSYoungGen      total 324608K, used 7951K [0x00000000eab00000, 0x0000000100000000, 0x0000000100000000)
  eden space 299520K, 0% used [0x00000000eab00000,0x00000000eab00000,0x00000000fcf80000)
  from space 25088K, 31% used [0x00000000fe780000,0x00000000fef43d58,0x0000000100000000)
  to   space 24576K, 0% used [0x00000000fcf80000,0x00000000fcf80000,0x00000000fe780000)
 ParOldGen       total 97280K, used 37329K [0x00000000c0000000, 0x00000000c5f00000, 0x00000000eab00000)
  object space 97280K, 38% used [0x00000000c0000000,0x00000000c2474688,0x00000000c5f00000)
 Metaspace       used 37462K, capacity 38794K, committed 39040K, reserved 1083392K
  class space    used 5222K, capacity 5684K, committed 5760K, reserved 1048576K
}
Event: 11.156 GC heap before
{Heap before GC invocations=11 (full 3):
 PSYoungGen      total 324608K, used 7951K [0x00000000eab00000, 0x0000000100000000, 0x0000000100000000)
  eden space 299520K, 0% used [0x00000000eab00000,0x00000000eab00000,0x00000000fcf80000)
  from space 25088K, 31% used [0x00000000fe780000,0x00000000fef43d58,0x0000000100000000)
  to   space 24576K, 0% used [0x00000000fcf80000,0x00000000fcf80000,0x00000000fe780000)
 ParOldGen       total 97280K, used 37329K [0x00000000c0000000, 0x00000000c5f00000, 0x00000000eab00000)
  object space 97280K, 38% used [0x00000000c0000000,0x00000000c2474688,0x00000000c5f00000)
 Metaspace       used 37462K, capacity 38794K, committed 39040K, reserved 1083392K
  class space    used 5222K, capacity 5684K, committed 5760K, reserved 1048576K
Event: 11.421 GC heap after
Heap after GC invocations=11 (full 3):
 PSYoungGen      total 324608K, used 0K [0x00000000eab00000, 0x0000000100000000, 0x0000000100000000)
  eden space 299520K, 0% used [0x00000000eab00000,0x00000000eab00000,0x00000000fcf80000)
  from space 25088K, 0% used [0x00000000fe780000,0x00000000fe780000,0x0000000100000000)
  to   space 24576K, 0% used [0x00000000fcf80000,0x00000000fcf80000,0x00000000fe780000)
 ParOldGen       total 97280K, used 39004K [0x00000000c0000000, 0x00000000c5f00000, 0x00000000eab00000)
  object space 97280K, 40% used [0x00000000c0000000,0x00000000c2617180,0x00000000c5f00000)
 Metaspace       used 37462K, capacity 38794K, committed 39040K, reserved 1083392K
  class space    used 5222K, capacity 5684K, committed 5760K, reserved 1048576K
}

Deoptimization events (10 events):
Event: 214.159 Thread 0x000000001850f800 Uncommon trap: reason=class_check action=maybe_recompile pc=0x0000000003d3f300 method=java.util.Formatter.format(Ljava/util/Locale;Ljava/lang/String;[Ljava/lang/Object;)Ljava/util/Formatter; @ 76
Event: 214.280 Thread 0x000000001850f800 Uncommon trap: reason=unstable_if action=reinterpret pc=0x0000000003e80034 method=org.codehaus.groovy.reflection.ParameterTypes.coerceArgumentsToClasses([Ljava/lang/Object;)[Ljava/lang/Object; @ 31
Event: 214.298 Thread 0x000000001850f800 Uncommon trap: reason=range_check action=make_not_entrant pc=0x00000000034d4324 method=java.lang.String.charAt(I)C @ 27
Event: 214.785 Thread 0x000000001850f800 Uncommon trap: reason=unstable_if action=reinterpret pc=0x0000000002f41ba4 method=org.codehaus.groovy.runtime.typehandling.DefaultTypeTransformation.castToType(Ljava/lang/Object;Ljava/lang/Class;)Ljava/lang/Object; @ 68
Event: 215.145 Thread 0x000000001850f800 Uncommon trap: reason=class_check action=maybe_recompile pc=0x0000000003b43fc4 method=java.util.regex.Matcher.getTextLength()I @ 4
Event: 215.145 Thread 0x000000001850f800 Uncommon trap: reason=class_check action=maybe_recompile pc=0x0000000003647870 method=java.util.regex.Matcher.getSubSequence(II)Ljava/lang/CharSequence; @ 6
Event: 215.147 Thread 0x000000001850f800 Uncommon trap: reason=unstable_if action=reinterpret pc=0x0000000003dee200 method=sun.nio.cs.StreamDecoder.implRead([CII)I @ 36
Event: 215.148 Thread 0x000000001850f800 Uncommon trap: reason=unstable_if action=reinterpret pc=0x0000000003de8ff0 method=sun.nio.cs.StreamDecoder.implRead([CII)I @ 36
Event: 215.152 Thread 0x000000001850f800 Uncommon trap: reason=class_check action=maybe_recompile pc=0x0000000003b43fc4 method=java.util.regex.Matcher.getTextLength()I @ 4
Event: 215.152 Thread 0x000000001850f800 Uncommon trap: reason=class_check action=maybe_recompile pc=0x0000000003647870 method=java.util.regex.Matcher.getSubSequence(II)Ljava/lang/CharSequence; @ 6

Internal exceptions (10 events):
Event: 215.006 Thread 0x000000001850f800 Exception <a 'java/lang/ClassNotFoundException': org/grails/gradle/plugin/web/gsp/GroovyPageCompileTask_DecoratedBeanInfo> (0x00000000f03acb48) thrown at [C:\re\workspace\8-2-build-windows-amd64-cygwin\jdk8u111\7883\hotspot\src\share\vm\classfile\systemDi
Event: 215.006 Thread 0x000000001850f800 Exception <a 'java/lang/ClassNotFoundException': org/grails/gradle/plugin/web/gsp/GroovyPageCompileTaskBeanInfo> (0x00000000f03b7198) thrown at [C:\re\workspace\8-2-build-windows-amd64-cygwin\jdk8u111\7883\hotspot\src\share\vm\classfile\systemDictionary.c
Event: 215.007 Thread 0x000000001850f800 Exception <a 'java/lang/ClassNotFoundException': org/grails/gradle/plugin/web/gsp/GroovyPageCompileTaskCustomizer> (0x00000000f03c1bb0) thrown at [C:\re\workspace\8-2-build-windows-amd64-cygwin\jdk8u111\7883\hotspot\src\share\vm\classfile\systemDictionary
Event: 215.008 Thread 0x000000001850f800 Exception <a 'java/lang/ClassNotFoundException': org/grails/gradle/plugin/web/gsp/GroovyPageCompileTask_DecoratedCustomizer> (0x00000000f0420478) thrown at [C:\re\workspace\8-2-build-windows-amd64-cygwin\jdk8u111\7883\hotspot\src\share\vm\classfile\system
Event: 215.034 Thread 0x000000001850f800 Exception <a 'java/lang/ClassNotFoundException': io/spring/gradle/dependencymanagement/DependencyManagementHandlerBeanInfo> (0x00000000f05abfd0) thrown at [C:\re\workspace\8-2-build-windows-amd64-cygwin\jdk8u111\7883\hotspot\src\share\vm\classfile\systemD
Event: 215.034 Thread 0x000000001850f800 Exception <a 'java/lang/ClassNotFoundException': io/spring/gradle/dependencymanagement/DependencyManagementHandlerCustomizer> (0x00000000f05b7d30) thrown at [C:\re\workspace\8-2-build-windows-amd64-cygwin\jdk8u111\7883\hotspot\src\share\vm\classfile\syste
Event: 215.037 Thread 0x000000001850f800 Exception <a 'java/lang/ClassNotFoundException': io/spring/gradle/dependencymanagement/ImportsHandlerBeanInfo> (0x00000000f05faba0) thrown at [C:\re\workspace\8-2-build-windows-amd64-cygwin\jdk8u111\7883\hotspot\src\share\vm\classfile\systemDictionary.cpp
Event: 215.037 Thread 0x000000001850f800 Exception <a 'java/lang/ClassNotFoundException': io/spring/gradle/dependencymanagement/ImportsHandlerCustomizer> (0x00000000f0605168) thrown at [C:\re\workspace\8-2-build-windows-amd64-cygwin\jdk8u111\7883\hotspot\src\share\vm\classfile\systemDictionary.c
Event: 215.176 Thread 0x000000001850f800 Exception <a 'java/lang/ClassNotFoundException': io/spring/gradle/dependencymanagement/maven/ModelExclusionCollectorBeanInfo> (0x00000000f0cf11c0) thrown at [C:\re\workspace\8-2-build-windows-amd64-cygwin\jdk8u111\7883\hotspot\src\share\vm\classfile\syste
Event: 215.176 Thread 0x000000001850f800 Exception <a 'java/lang/ClassNotFoundException': io/spring/gradle/dependencymanagement/maven/ModelExclusionCollectorCustomizer> (0x00000000f0d01810) thrown at [C:\re\workspace\8-2-build-windows-amd64-cygwin\jdk8u111\7883\hotspot\src\share\vm\classfile\sys

Events (10 events):
Event: 215.180 loading class groovy/runtime/metaclass/io/spring/gradle/dependencymanagement/maven/ModelExclusionCollector$_collectExclusions_closure2MetaClass
Event: 215.180 loading class groovy/runtime/metaclass/io/spring/gradle/dependencymanagement/maven/ModelExclusionCollector$_collectExclusions_closure2MetaClass done
Event: 215.184 loading class groovy/runtime/metaclass/io/spring/gradle/dependencymanagement/maven/ModelExclusionCollector$_collectExclusions_closure3MetaClass
Event: 215.184 loading class groovy/runtime/metaclass/io/spring/gradle/dependencymanagement/maven/ModelExclusionCollector$_collectExclusions_closure3MetaClass done
Event: 215.186 loading class groovy/runtime/metaclass/io/spring/gradle/dependencymanagement/maven/ModelExclusionCollector$_collectExclusions_closure4MetaClass
Event: 215.186 loading class groovy/runtime/metaclass/io/spring/gradle/dependencymanagement/maven/ModelExclusionCollector$_collectExclusions_closure4MetaClass done
Event: 215.187 loading class groovy/runtime/metaclass/io/spring/gradle/dependencymanagement/maven/ModelExclusionCollector$_collectExclusions_closure4_closure5MetaClass
Event: 215.187 loading class groovy/runtime/metaclass/io/spring/gradle/dependencymanagement/maven/ModelExclusionCollector$_collectExclusions_closure4_closure5MetaClass done
Event: 215.192 loading class groovy/runtime/metaclass/io/spring/gradle/dependencymanagement/exclusions/Exclusions$_addAll_closure1MetaClass
Event: 215.192 loading class groovy/runtime/metaclass/io/spring/gradle/dependencymanagement/exclusions/Exclusions$_addAll_closure1MetaClass done


Dynamic libraries:
0x00007ff6fbfc0000 - 0x00007ff6fbff7000 	C:\Program Files\Java\jdk1.8.0_111\bin\java.exe
0x00007ffb10f50000 - 0x00007ffb110fd000 	C:\Windows\SYSTEM32\ntdll.dll
0x00007ffb0ff60000 - 0x00007ffb1009e000 	C:\Windows\system32\KERNEL32.DLL
0x00007ffb0e2d0000 - 0x00007ffb0e3e5000 	C:\Windows\system32\KERNELBASE.dll
0x00007ffb0cc40000 - 0x00007ffb0ccce000 	C:\Windows\system32\apphelp.dll
0x00007ffafe250000 - 0x00007ffafe2a3000 	C:\Windows\AppPatch\AppPatch64\AcGenral.DLL
0x00007ffb108f0000 - 0x00007ffb1099a000 	C:\Windows\system32\msvcrt.dll
0x00007ffb0e250000 - 0x00007ffb0e27e000 	C:\Windows\system32\SspiCli.dll
0x00007ffb100a0000 - 0x00007ffb100f4000 	C:\Windows\system32\SHLWAPI.dll
0x00007ffb10cb0000 - 0x00007ffb10e27000 	C:\Windows\system32\USER32.dll
0x00007ffb104e0000 - 0x00007ffb10674000 	C:\Windows\system32\ole32.dll
0x00007ffb0e830000 - 0x00007ffb0fd58000 	C:\Windows\system32\SHELL32.dll
0x00007ffb0d6c0000 - 0x00007ffb0d6e1000 	C:\Windows\SYSTEM32\USERENV.dll
0x00007ffb10e30000 - 0x00007ffb10eda000 	C:\Windows\system32\ADVAPI32.dll
0x00007ffafc840000 - 0x00007ffafc85e000 	C:\Windows\SYSTEM32\MPR.dll
0x00007ffb107b0000 - 0x00007ffb108f0000 	C:\Windows\system32\RPCRT4.dll
0x00007ffb10690000 - 0x00007ffb106e9000 	C:\Windows\SYSTEM32\sechost.dll
0x00007ffb102c0000 - 0x00007ffb104d1000 	C:\Windows\SYSTEM32\combase.dll
0x00007ffb0e6a0000 - 0x00007ffb0e7ef000 	C:\Windows\system32\GDI32.dll
0x00007ffb0e070000 - 0x00007ffb0e085000 	C:\Windows\SYSTEM32\profapi.dll
0x00007ffb0c460000 - 0x00007ffb0c512000 	C:\Windows\SYSTEM32\SHCORE.dll
0x00007ffb0e7f0000 - 0x00007ffb0e826000 	C:\Windows\system32\IMM32.DLL
0x00007ffb10100000 - 0x00007ffb10252000 	C:\Windows\system32\MSCTF.dll
0x00007ffb0bbe0000 - 0x00007ffb0be5b000 	C:\Windows\WinSxS\amd64_microsoft.windows.common-controls_6595b64144ccf1df_6.0.9600.18006_none_623f33d3ecbe86e8\COMCTL32.dll
0x0000000059310000 - 0x00000000593e2000 	C:\Program Files\Java\jdk1.8.0_111\jre\bin\msvcr100.dll
0x0000000058a70000 - 0x000000005930a000 	C:\Program Files\Java\jdk1.8.0_111\jre\bin\server\jvm.dll
0x00007ffb09c80000 - 0x00007ffb09c89000 	C:\Windows\SYSTEM32\WSOCK32.dll
0x00007ffb0b1a0000 - 0x00007ffb0b1c2000 	C:\Windows\SYSTEM32\WINMM.dll
0x00007ffb091f0000 - 0x00007ffb091fa000 	C:\Windows\SYSTEM32\VERSION.dll
0x00007ffb10680000 - 0x00007ffb10687000 	C:\Windows\system32\PSAPI.DLL
0x00007ffb10260000 - 0x00007ffb102ba000 	C:\Windows\system32\WS2_32.dll
0x00007ffb0b170000 - 0x00007ffb0b19a000 	C:\Windows\SYSTEM32\WINMMBASE.dll
0x00007ffb0fd60000 - 0x00007ffb0fd69000 	C:\Windows\system32\NSI.dll
0x00007ffb0e280000 - 0x00007ffb0e2cf000 	C:\Windows\SYSTEM32\cfgmgr32.dll
0x00007ffb0ceb0000 - 0x00007ffb0ced8000 	C:\Windows\SYSTEM32\DEVOBJ.dll
0x0000000059500000 - 0x000000005950f000 	C:\Program Files\Java\jdk1.8.0_111\jre\bin\verify.dll
0x0000000058a40000 - 0x0000000058a69000 	C:\Program Files\Java\jdk1.8.0_111\jre\bin\java.dll
0x0000000058a20000 - 0x0000000058a36000 	C:\Program Files\Java\jdk1.8.0_111\jre\bin\zip.dll
0x0000000058a00000 - 0x0000000058a1a000 	C:\Program Files\Java\jdk1.8.0_111\jre\bin\net.dll
0x00007ffb0d980000 - 0x00007ffb0d9d9000 	C:\Windows\system32\mswsock.dll
0x00000000589e0000 - 0x00000000589f1000 	C:\Program Files\Java\jdk1.8.0_111\jre\bin\nio.dll
0x00007ffb02460000 - 0x00007ffb02472000 	C:\Users\AR Nicolae\.gradle\daemon\native\19\windows-amd64\native-platform.dll
0x00007ffb090a0000 - 0x00007ffb090ca000 	C:\Windows\SYSTEM32\IPHLPAPI.DLL
0x00007ffb09080000 - 0x00007ffb0908a000 	C:\Windows\SYSTEM32\WINNSI.DLL
0x00007ffb08c40000 - 0x00007ffb08c56000 	C:\Windows\SYSTEM32\dhcpcsvc6.DLL
0x00007ffb08d90000 - 0x00007ffb08daa000 	C:\Windows\SYSTEM32\dhcpcsvc.DLL
0x00007ffb0d9e0000 - 0x00007ffb0da00000 	C:\Windows\SYSTEM32\CRYPTSP.dll
0x00007ffb0d5b0000 - 0x00007ffb0d5e6000 	C:\Windows\system32\rsaenh.dll
0x00007ffb0dc30000 - 0x00007ffb0dc56000 	C:\Windows\SYSTEM32\bcrypt.dll
0x00007ffb0df40000 - 0x00007ffb0dfa3000 	C:\Windows\system32\bcryptprimitives.dll
0x00007ffb0dfb0000 - 0x00007ffb0dfbb000 	C:\Windows\SYSTEM32\CRYPTBASE.dll
0x00000000594f0000 - 0x00000000594fd000 	C:\Program Files\Java\jdk1.8.0_111\jre\bin\management.dll

VM Arguments:
jvm_args: -XX:MaxPermSize=256m -XX:+HeapDumpOnOutOfMemoryError -Xmx1024m -Dfile.encoding=windows-1252 -Duser.country=US -Duser.language=en -Duser.variant 
java_command: org.gradle.launcher.daemon.bootstrap.GradleDaemon 2.3 C:\Users\AR Nicolae\.gradle\daemon 10800000 e98efb37-80d2-464d-9fb5-391fecb74cf4 -XX:MaxPermSize=256m -XX:+HeapDumpOnOutOfMemoryError -Xmx1024m -Dfile.encoding=windows-1252 -Duser.country=US -Duser.language=en -Duser.variant
java_class_path (initial): C:\Users\AR Nicolae\.gradle\wrapper\dists\gradle-2.3-bin\a48v6zq5mdp1uyn9rwlj56945\gradle-2.3\lib\gradle-launcher-2.3.jar
Launcher Type: SUN_STANDARD

Environment Variables:
JAVA_HOME=C:\Program Files\Java\jdk1.8.0_111
PATH=C:\Windows\system32;C:\Windows;C:\Windows\System32\Wbem;C:\Windows\System32\WindowsPowerShell\v1.0\;C:\Program Files (x86)\Skype\Phone\;C:\Program Files (x86)\PuTTY\;E:\nodejs\;E:\Git\cmd;C:\Users\AR Nicolae\AppData\Roaming\npm;E:\grails-3.0.0\bin;C:\Program Files\Java\jdk1.8.0_111\bin
USERNAME=AR Nicolae
OS=Windows_NT
PROCESSOR_IDENTIFIER=Intel64 Family 6 Model 42 Stepping 7, GenuineIntel



---------------  S Y S T E M  ---------------

OS: Windows 8.1 , 64 bit Build 9600 (6.3.9600.17415)

CPU:total 4 (2 cores per cpu, 2 threads per core) family 6 model 42 stepping 7, cmov, cx8, fxsr, mmx, sse, sse2, sse3, ssse3, sse4.1, sse4.2, popcnt, avx, aes, clmul, ht, tsc, tscinvbit

Memory: 4k page, physical 8296812k(2037852k free), swap 8296812k(5096k free)

vm_info: Java HotSpot(TM) 64-Bit Server VM (25.111-b14) for windows-amd64 JRE (1.8.0_111-b14), built on Sep 22 2016 19:24:05 by "java_re" with MS VC++ 10.0 (VS2010)

time: Sun Nov 06 13:26:27 2016
elapsed time: 215 seconds (0d 0h 3m 35s)

