#
# There is insufficient memory for the Java Runtime Environment to continue.
# Native memory allocation (malloc) failed to allocate 32744 bytes for ChunkPool::allocate
# Possible reasons:
#   The system is out of physical RAM or swap space
#   In 32 bit mode, the process size limit was hit
# Possible solutions:
#   Reduce memory load on the system
#   Increase physical memory or swap space
#   Check if swap backing store is full
#   Use 64 bit Java on a 64 bit OS
#   Decrease Java heap size (-Xmx/-Xms)
#   Decrease number of Java threads
#   Decrease Java thread stack sizes (-Xss)
#   Set larger code cache with -XX:ReservedCodeCacheSize=
# This output file may be truncated or incomplete.
#
#  Out of Memory Error (allocation.cpp:273), pid=3588, tid=0x0000000000000474
#
# JRE version: Java(TM) SE Runtime Environment (8.0_111-b14) (build 1.8.0_111-b14)
# Java VM: Java HotSpot(TM) 64-Bit Server VM (25.111-b14 mixed mode windows-amd64 compressed oops)
# Failed to write core dump. Minidumps are not enabled by default on client versions of Windows
#

---------------  T H R E A D  ---------------

Current thread (0x00000000163c8000):  JavaThread "C1 CompilerThread2" daemon [_thread_in_native, id=1140, stack(0x0000000016ad0000,0x0000000016bd0000)]

Stack: [0x0000000016ad0000,0x0000000016bd0000]
[error occurred during error reporting (printing stack bounds), id 0xc0000005]

Native frames: (J=compiled Java code, j=interpreted, Vv=VM code, C=native code)


Current CompileTask:
C1:   7042 3970   !   1       org.h2.value.Value::convertTo (2575 bytes)


---------------  P R O C E S S  ---------------

Java Threads: ( => current thread )
  0x00000000168c1800 JavaThread "PoolCleaner[414493378:1478438083108]" daemon [_thread_blocked, id=916, stack(0x00000000198a0000,0x00000000199a0000)]
  0x00000000165fa800 JavaThread "FileSystemWatcher: files=#6 cl=sun.misc.Launcher$AppClassLoader@18b4aac2" daemon [_thread_blocked, id=5056, stack(0x0000000016dd0000,0x0000000016ed0000)]
  0x00000000163c9000 JavaThread "Service Thread" daemon [_thread_blocked, id=4960, stack(0x0000000016bd0000,0x0000000016cd0000)]
=>0x00000000163c8000 JavaThread "C1 CompilerThread2" daemon [_thread_in_native, id=1140, stack(0x0000000016ad0000,0x0000000016bd0000)]
  0x00000000163b8800 JavaThread "C2 CompilerThread1" daemon [_thread_blocked, id=4428, stack(0x00000000169d0000,0x0000000016ad0000)]
  0x00000000163bd800 JavaThread "C2 CompilerThread0" daemon [_thread_blocked, id=4732, stack(0x00000000168d0000,0x00000000169d0000)]
  0x00000000146b5800 JavaThread "Attach Listener" daemon [_thread_blocked, id=396, stack(0x0000000015bd0000,0x0000000015cd0000)]
  0x00000000146b4800 JavaThread "Signal Dispatcher" daemon [_thread_blocked, id=5936, stack(0x0000000015ad0000,0x0000000015bd0000)]
  0x0000000014695800 JavaThread "Finalizer" daemon [_thread_blocked, id=2104, stack(0x00000000158f0000,0x00000000159f0000)]
  0x000000001466a800 JavaThread "Reference Handler" daemon [_thread_blocked, id=1100, stack(0x00000000157f0000,0x00000000158f0000)]
  0x0000000002696800 JavaThread "main" [_thread_in_vm, id=3784, stack(0x00000000024c0000,0x00000000025c0000)]

Other Threads:
  0x0000000014665800 VMThread [stack: 0x00000000156f0000,0x00000000157f0000] [id=4640]
  0x00000000163d0800 WatcherThread [stack: 0x0000000016cd0000,0x0000000016dd0000] [id=3428]

VM state:not at safepoint (normal execution)

VM Mutex/Monitor currently owned by a thread: None

Heap:
 PSYoungGen      total 240128K, used 56025K [0x00000000f0000000, 0x0000000100000000, 0x0000000100000000)
  eden space 218112K, 25% used [0x00000000f0000000,0x00000000f36b66f0,0x00000000fd500000)
  from space 22016K, 0% used [0x00000000fd500000,0x00000000fd500000,0x00000000fea80000)
  to   space 22016K, 0% used [0x00000000fea80000,0x00000000fea80000,0x0000000100000000)
 ParOldGen       total 524288K, used 40065K [0x00000000d0000000, 0x00000000f0000000, 0x00000000f0000000)
  object space 524288K, 7% used [0x00000000d0000000,0x00000000d27205e8,0x00000000f0000000)
 Metaspace       used 36745K, capacity 37536K, committed 37760K, reserved 1081344K
  class space    used 4673K, capacity 4924K, committed 4992K, reserved 1048576K

Card table byte_map: [0x0000000011cf0000,0x0000000011e80000] byte_map_base: 0x0000000011670000

Marking Bits: (ParMarkBitMap*) 0x000000005928a6c0
 Begin Bits: [0x0000000012380000, 0x0000000012f80000)
 End Bits:   [0x0000000012f80000, 0x0000000013b80000)

Polling page: 0x0000000000c40000

CodeCache: size=245760Kb used=9923Kb max_used=9923Kb free=235836Kb
 bounds [0x0000000002930000, 0x00000000032f0000, 0x0000000011930000]
 total_blobs=4635 nmethods=3969 adapters=578
 compilation: enabled

Compilation events (10 events):
Event: 7.012 Thread 0x00000000163c8000 nmethod 3965 0x00000000032df4d0 code [0x00000000032df620, 0x00000000032df710]
Event: 7.012 Thread 0x00000000163c8000 3966       1       org.hibernate.service.internal.ConcurrentServiceBinding::treeFromRange (75 bytes)
Event: 7.013 Thread 0x00000000163c8000 nmethod 3966 0x00000000032df790 code [0x00000000032df920, 0x00000000032dfc58]
Event: 7.029 Thread 0x00000000163c8000 3967   !   1       org.h2.util.StringUtils::getCache (87 bytes)
Event: 7.029 Thread 0x00000000163c8000 nmethod 3967 0x00000000032e0210 code [0x00000000032e0380, 0x00000000032e0730]
Event: 7.030 Thread 0x00000000163c8000 3968       1       org.h2.engine.Database::getSettings (5 bytes)
Event: 7.030 Thread 0x00000000163c8000 nmethod 3968 0x00000000032e08d0 code [0x00000000032e0a20, 0x00000000032e0b30]
Event: 7.031 Thread 0x00000000163c8000 3969       1       org.h2.value.ValueString::getType (3 bytes)
Event: 7.031 Thread 0x00000000163c8000 nmethod 3969 0x00000000032e0b90 code [0x00000000032e0ce0, 0x00000000032e0df0]
Event: 7.031 Thread 0x00000000163c8000 3970   !   1       org.h2.value.Value::convertTo (2575 bytes)

GC Heap History (10 events):
Event: 3.890 GC heap before
{Heap before GC invocations=5 (full 1):
 PSYoungGen      total 229376K, used 15400K [0x00000000f0000000, 0x0000000100000000, 0x0000000100000000)
  eden space 196608K, 0% used [0x00000000f0000000,0x00000000f0000000,0x00000000fc000000)
  from space 32768K, 46% used [0x00000000fe000000,0x00000000fef0a368,0x0000000100000000)
  to   space 32768K, 0% used [0x00000000fc000000,0x00000000fc000000,0x00000000fe000000)
 ParOldGen       total 524288K, used 48K [0x00000000d0000000, 0x00000000f0000000, 0x00000000f0000000)
  object space 524288K, 0% used [0x00000000d0000000,0x00000000d000c000,0x00000000f0000000)
 Metaspace       used 20689K, capacity 21136K, committed 21296K, reserved 1069056K
  class space    used 2500K, capacity 2607K, committed 2688K, reserved 1048576K
Event: 3.986 GC heap after
Heap after GC invocations=5 (full 1):
 PSYoungGen      total 229376K, used 0K [0x00000000f0000000, 0x0000000100000000, 0x0000000100000000)
  eden space 196608K, 0% used [0x00000000f0000000,0x00000000f0000000,0x00000000fc000000)
  from space 32768K, 0% used [0x00000000fe000000,0x00000000fe000000,0x0000000100000000)
  to   space 32768K, 0% used [0x00000000fc000000,0x00000000fc000000,0x00000000fe000000)
 ParOldGen       total 524288K, used 15258K [0x00000000d0000000, 0x00000000f0000000, 0x00000000f0000000)
  object space 524288K, 2% used [0x00000000d0000000,0x00000000d0ee6980,0x00000000f0000000)
 Metaspace       used 20689K, capacity 21136K, committed 21296K, reserved 1069056K
  class space    used 2500K, capacity 2607K, committed 2688K, reserved 1048576K
}
Event: 4.893 GC heap before
{Heap before GC invocations=6 (full 1):
 PSYoungGen      total 229376K, used 196608K [0x00000000f0000000, 0x0000000100000000, 0x0000000100000000)
  eden space 196608K, 100% used [0x00000000f0000000,0x00000000fc000000,0x00000000fc000000)
  from space 32768K, 0% used [0x00000000fe000000,0x00000000fe000000,0x0000000100000000)
  to   space 32768K, 0% used [0x00000000fc000000,0x00000000fc000000,0x00000000fe000000)
 ParOldGen       total 524288K, used 15258K [0x00000000d0000000, 0x00000000f0000000, 0x00000000f0000000)
  object space 524288K, 2% used [0x00000000d0000000,0x00000000d0ee6980,0x00000000f0000000)
 Metaspace       used 23828K, capacity 24438K, committed 24576K, reserved 1071104K
  class space    used 2897K, capacity 3019K, committed 3072K, reserved 1048576K
Event: 4.909 GC heap after
Heap after GC invocations=6 (full 1):
 PSYoungGen      total 229376K, used 14757K [0x00000000f0000000, 0x0000000100000000, 0x0000000100000000)
  eden space 196608K, 0% used [0x00000000f0000000,0x00000000f0000000,0x00000000fc000000)
  from space 32768K, 45% used [0x00000000fc000000,0x00000000fce69688,0x00000000fe000000)
  to   space 17920K, 0% used [0x00000000fee80000,0x00000000fee80000,0x0000000100000000)
 ParOldGen       total 524288K, used 15266K [0x00000000d0000000, 0x00000000f0000000, 0x00000000f0000000)
  object space 524288K, 2% used [0x00000000d0000000,0x00000000d0ee8980,0x00000000f0000000)
 Metaspace       used 23828K, capacity 24438K, committed 24576K, reserved 1071104K
  class space    used 2897K, capacity 3019K, committed 3072K, reserved 1048576K
}
Event: 5.911 GC heap before
{Heap before GC invocations=7 (full 1):
 PSYoungGen      total 229376K, used 211365K [0x00000000f0000000, 0x0000000100000000, 0x0000000100000000)
  eden space 196608K, 100% used [0x00000000f0000000,0x00000000fc000000,0x00000000fc000000)
  from space 32768K, 45% used [0x00000000fc000000,0x00000000fce69688,0x00000000fe000000)
  to   space 17920K, 0% used [0x00000000fee80000,0x00000000fee80000,0x0000000100000000)
 ParOldGen       total 524288K, used 15266K [0x00000000d0000000, 0x00000000f0000000, 0x00000000f0000000)
  object space 524288K, 2% used [0x00000000d0000000,0x00000000d0ee8980,0x00000000f0000000)
 Metaspace       used 29745K, capacity 30524K, committed 30720K, reserved 1075200K
  class space    used 3768K, capacity 4022K, committed 4096K, reserved 1048576K
Event: 5.941 GC heap after
Heap after GC invocations=7 (full 1):
 PSYoungGen      total 236032K, used 17910K [0x00000000f0000000, 0x0000000100000000, 0x0000000100000000)
  eden space 218112K, 0% used [0x00000000f0000000,0x00000000f0000000,0x00000000fd500000)
  from space 17920K, 99% used [0x00000000fee80000,0x00000000ffffdaf0,0x0000000100000000)
  to   space 22016K, 0% used [0x00000000fd500000,0x00000000fd500000,0x00000000fea80000)
 ParOldGen       total 524288K, used 20248K [0x00000000d0000000, 0x00000000f0000000, 0x00000000f0000000)
  object space 524288K, 3% used [0x00000000d0000000,0x00000000d13c6108,0x00000000f0000000)
 Metaspace       used 29745K, capacity 30524K, committed 30720K, reserved 1075200K
  class space    used 3768K, capacity 4022K, committed 4096K, reserved 1048576K
}
Event: 6.574 GC heap before
{Heap before GC invocations=8 (full 1):
 PSYoungGen      total 236032K, used 160369K [0x00000000f0000000, 0x0000000100000000, 0x0000000100000000)
  eden space 218112K, 65% used [0x00000000f0000000,0x00000000f8b1eb48,0x00000000fd500000)
  from space 17920K, 99% used [0x00000000fee80000,0x00000000ffffdaf0,0x0000000100000000)
  to   space 22016K, 0% used [0x00000000fd500000,0x00000000fd500000,0x00000000fea80000)
 ParOldGen       total 524288K, used 20248K [0x00000000d0000000, 0x00000000f0000000, 0x00000000f0000000)
  object space 524288K, 3% used [0x00000000d0000000,0x00000000d13c6108,0x00000000f0000000)
 Metaspace       used 34526K, capacity 35284K, committed 35496K, reserved 1081344K
  class space    used 4284K, capacity 4538K, committed 4608K, reserved 1048576K
Event: 6.599 GC heap after
Heap after GC invocations=8 (full 1):
 PSYoungGen      total 240128K, used 22002K [0x00000000f0000000, 0x0000000100000000, 0x0000000100000000)
  eden space 218112K, 0% used [0x00000000f0000000,0x00000000f0000000,0x00000000fd500000)
  from space 22016K, 99% used [0x00000000fd500000,0x00000000fea7c968,0x00000000fea80000)
  to   space 22016K, 0% used [0x00000000fea80000,0x00000000fea80000,0x0000000100000000)
 ParOldGen       total 524288K, used 22178K [0x00000000d0000000, 0x00000000f0000000, 0x00000000f0000000)
  object space 524288K, 4% used [0x00000000d0000000,0x00000000d15a8b68,0x00000000f0000000)
 Metaspace       used 34526K, capacity 35284K, committed 35496K, reserved 1081344K
  class space    used 4284K, capacity 4538K, committed 4608K, reserved 1048576K
}
Event: 6.599 GC heap before
{Heap before GC invocations=9 (full 2):
 PSYoungGen      total 240128K, used 22002K [0x00000000f0000000, 0x0000000100000000, 0x0000000100000000)
  eden space 218112K, 0% used [0x00000000f0000000,0x00000000f0000000,0x00000000fd500000)
  from space 22016K, 99% used [0x00000000fd500000,0x00000000fea7c968,0x00000000fea80000)
  to   space 22016K, 0% used [0x00000000fea80000,0x00000000fea80000,0x0000000100000000)
 ParOldGen       total 524288K, used 22178K [0x00000000d0000000, 0x00000000f0000000, 0x00000000f0000000)
  object space 524288K, 4% used [0x00000000d0000000,0x00000000d15a8b68,0x00000000f0000000)
 Metaspace       used 34526K, capacity 35284K, committed 35496K, reserved 1081344K
  class space    used 4284K, capacity 4538K, committed 4608K, reserved 1048576K
Event: 6.752 GC heap after
Heap after GC invocations=9 (full 2):
 PSYoungGen      total 240128K, used 0K [0x00000000f0000000, 0x0000000100000000, 0x0000000100000000)
  eden space 218112K, 0% used [0x00000000f0000000,0x00000000f0000000,0x00000000fd500000)
  from space 22016K, 0% used [0x00000000fd500000,0x00000000fd500000,0x00000000fea80000)
  to   space 22016K, 0% used [0x00000000fea80000,0x00000000fea80000,0x0000000100000000)
 ParOldGen       total 524288K, used 40065K [0x00000000d0000000, 0x00000000f0000000, 0x00000000f0000000)
  object space 524288K, 7% used [0x00000000d0000000,0x00000000d27205e8,0x00000000f0000000)
 Metaspace       used 34526K, capacity 35284K, committed 35496K, reserved 1081344K
  class space    used 4284K, capacity 4538K, committed 4608K, reserved 1048576K
}

Deoptimization events (0 events):
No events

Internal exceptions (10 events):
Event: 6.401 Thread 0x0000000002696800 Exception <a 'java/lang/ClassNotFoundException': org/apache/tomcat/jdbc/pool/DataSourceCustomizer> (0x00000000f6cfb130) thrown at [C:\re\workspace\8-2-build-windows-amd64-cygwin\jdk8u111\7883\hotspot\src\share\vm\classfile\systemDictionary.cpp, line 210]
Event: 6.554 Thread 0x0000000002696800 Exception <a 'java/lang/ClassNotFoundException': org/grails/orm/hibernate/support/HibernateDialectDetectorFactoryBeanBeanInfo> (0x00000000f84f69a0) thrown at [C:\re\workspace\8-2-build-windows-amd64-cygwin\jdk8u111\7883\hotspot\src\share\vm\classfile\syst
Event: 6.555 Thread 0x0000000002696800 Exception <a 'java/lang/ClassNotFoundException': org/grails/orm/hibernate/support/HibernateDialectDetectorFactoryBeanCustomizer> (0x00000000f852b1c8) thrown at [C:\re\workspace\8-2-build-windows-amd64-cygwin\jdk8u111\7883\hotspot\src\share\vm\classfile\sy
Event: 6.555 Thread 0x0000000002696800 Exception <a 'java/lang/ArrayIndexOutOfBoundsException'> (0x00000000f852e188) thrown at [C:\re\workspace\8-2-build-windows-amd64-cygwin\jdk8u111\7883\hotspot\src\share\vm\runtime\sharedRuntime.cpp, line 605]
Event: 6.555 Thread 0x0000000002696800 Exception <a 'java/lang/ArrayIndexOutOfBoundsException'> (0x00000000f8530100) thrown at [C:\re\workspace\8-2-build-windows-amd64-cygwin\jdk8u111\7883\hotspot\src\share\vm\runtime\sharedRuntime.cpp, line 605]
Event: 6.848 Thread 0x0000000002696800 Exception <a 'java/lang/ClassNotFoundException': org/springframework/beans/factory/config/PropertiesFactoryBeanBeanInfo> (0x00000000f121dd98) thrown at [C:\re\workspace\8-2-build-windows-amd64-cygwin\jdk8u111\7883\hotspot\src\share\vm\classfile\systemDict
Event: 6.849 Thread 0x0000000002696800 Exception <a 'java/lang/ClassNotFoundException': org/springframework/beans/factory/config/PropertiesFactoryBeanCustomizer> (0x00000000f124fc18) thrown at [C:\re\workspace\8-2-build-windows-amd64-cygwin\jdk8u111\7883\hotspot\src\share\vm\classfile\systemDi
Event: 6.849 Thread 0x0000000002696800 Exception <a 'java/lang/ArrayIndexOutOfBoundsException'> (0x00000000f1252d68) thrown at [C:\re\workspace\8-2-build-windows-amd64-cygwin\jdk8u111\7883\hotspot\src\share\vm\runtime\sharedRuntime.cpp, line 605]
Event: 6.849 Thread 0x0000000002696800 Exception <a 'java/lang/ArrayIndexOutOfBoundsException'> (0x00000000f1254dd8) thrown at [C:\re\workspace\8-2-build-windows-amd64-cygwin\jdk8u111\7883\hotspot\src\share\vm\runtime\sharedRuntime.cpp, line 605]
Event: 7.027 Thread 0x0000000002696800 Exception <a 'java/lang/NullPointerException'> (0x00000000f33f33f8) thrown at [C:\re\workspace\8-2-build-windows-amd64-cygwin\jdk8u111\7883\hotspot\src\share\vm\runtime\reflection.cpp, line 922]

Events (10 events):
Event: 7.033 loading class org/hibernate/internal/util/collections/ArrayHelper
Event: 7.033 loading class org/hibernate/internal/util/collections/ArrayHelper done
Event: 7.034 loading class org/hibernate/engine/jdbc/spi/TypeSearchability
Event: 7.034 loading class org/hibernate/engine/jdbc/spi/TypeSearchability done
Event: 7.035 loading class org/hibernate/engine/jdbc/spi/TypeNullability
Event: 7.035 loading class org/hibernate/engine/jdbc/spi/TypeNullability done
Event: 7.038 loading class org/hibernate/engine/jdbc/internal/JdbcServicesImpl$1
Event: 7.038 loading class org/hibernate/engine/jdbc/internal/JdbcServicesImpl$1 done
Event: 7.039 loading class org/hibernate/dialect/H2Dialect
Event: 7.039 loading class org/hibernate/dialect/H2Dialect done


Dynamic libraries:
0x00007ff6fbfc0000 - 0x00007ff6fbff7000 	C:\Program Files\Java\jdk1.8.0_111\bin\java.exe
0x00007ffb10f50000 - 0x00007ffb110fd000 	C:\Windows\SYSTEM32\ntdll.dll
0x00007ffb0ff60000 - 0x00007ffb1009e000 	C:\Windows\system32\KERNEL32.DLL
0x00007ffb0e2d0000 - 0x00007ffb0e3e5000 	C:\Windows\system32\KERNELBASE.dll
0x00007ffb0cc40000 - 0x00007ffb0ccce000 	C:\Windows\system32\apphelp.dll
0x00007ffafe250000 - 0x00007ffafe2a3000 	C:\Windows\AppPatch\AppPatch64\AcGenral.DLL
0x00007ffb108f0000 - 0x00007ffb1099a000 	C:\Windows\system32\msvcrt.dll
0x00007ffb0e250000 - 0x00007ffb0e27e000 	C:\Windows\system32\SspiCli.dll
0x00007ffb100a0000 - 0x00007ffb100f4000 	C:\Windows\system32\SHLWAPI.dll
0x00007ffb10cb0000 - 0x00007ffb10e27000 	C:\Windows\system32\USER32.dll
0x00007ffb104e0000 - 0x00007ffb10674000 	C:\Windows\system32\ole32.dll
0x00007ffb0e830000 - 0x00007ffb0fd58000 	C:\Windows\system32\SHELL32.dll
0x00007ffb0d6c0000 - 0x00007ffb0d6e1000 	C:\Windows\SYSTEM32\USERENV.dll
0x00007ffb10e30000 - 0x00007ffb10eda000 	C:\Windows\system32\ADVAPI32.dll
0x00007ffafc840000 - 0x00007ffafc85e000 	C:\Windows\SYSTEM32\MPR.dll
0x00007ffb107b0000 - 0x00007ffb108f0000 	C:\Windows\system32\RPCRT4.dll
0x00007ffb10690000 - 0x00007ffb106e9000 	C:\Windows\SYSTEM32\sechost.dll
0x00007ffb102c0000 - 0x00007ffb104d1000 	C:\Windows\SYSTEM32\combase.dll
0x00007ffb0e6a0000 - 0x00007ffb0e7ef000 	C:\Windows\system32\GDI32.dll
0x00007ffb0e070000 - 0x00007ffb0e085000 	C:\Windows\SYSTEM32\profapi.dll
0x00007ffb0c460000 - 0x00007ffb0c512000 	C:\Windows\SYSTEM32\SHCORE.dll
0x00007ffb0e7f0000 - 0x00007ffb0e826000 	C:\Windows\system32\IMM32.DLL
0x00007ffb10100000 - 0x00007ffb10252000 	C:\Windows\system32\MSCTF.dll
0x00007ffb0bbe0000 - 0x00007ffb0be5b000 	C:\Windows\WinSxS\amd64_microsoft.windows.common-controls_6595b64144ccf1df_6.0.9600.18006_none_623f33d3ecbe86e8\COMCTL32.dll
0x0000000059310000 - 0x00000000593e2000 	C:\Program Files\Java\jdk1.8.0_111\jre\bin\msvcr100.dll
0x0000000058a70000 - 0x000000005930a000 	C:\Program Files\Java\jdk1.8.0_111\jre\bin\server\jvm.dll
0x00007ffb06af0000 - 0x00007ffb06af9000 	C:\Windows\SYSTEM32\WSOCK32.dll
0x00007ffb0b1a0000 - 0x00007ffb0b1c2000 	C:\Windows\SYSTEM32\WINMM.dll
0x00007ffb091f0000 - 0x00007ffb091fa000 	C:\Windows\SYSTEM32\VERSION.dll
0x00007ffb10680000 - 0x00007ffb10687000 	C:\Windows\system32\PSAPI.DLL
0x00007ffb10260000 - 0x00007ffb102ba000 	C:\Windows\system32\WS2_32.dll
0x00007ffb0b170000 - 0x00007ffb0b19a000 	C:\Windows\SYSTEM32\WINMMBASE.dll
0x00007ffb0fd60000 - 0x00007ffb0fd69000 	C:\Windows\system32\NSI.dll
0x00007ffb0e280000 - 0x00007ffb0e2cf000 	C:\Windows\SYSTEM32\cfgmgr32.dll
0x00007ffb0ceb0000 - 0x00007ffb0ced8000 	C:\Windows\SYSTEM32\DEVOBJ.dll
0x0000000059500000 - 0x000000005950f000 	C:\Program Files\Java\jdk1.8.0_111\jre\bin\verify.dll
0x0000000058a40000 - 0x0000000058a69000 	C:\Program Files\Java\jdk1.8.0_111\jre\bin\java.dll
0x0000000058970000 - 0x0000000058993000 	C:\Program Files\Java\jdk1.8.0_111\jre\bin\instrument.dll
0x0000000058a20000 - 0x0000000058a36000 	C:\Program Files\Java\jdk1.8.0_111\jre\bin\zip.dll
0x0000000058a00000 - 0x0000000058a1a000 	C:\Program Files\Java\jdk1.8.0_111\jre\bin\net.dll
0x00007ffb0d980000 - 0x00007ffb0d9d9000 	C:\Windows\system32\mswsock.dll
0x00007ffafdb90000 - 0x00007ffafdba5000 	C:\Windows\system32\napinsp.dll
0x00007ffafdb70000 - 0x00007ffafdb8a000 	C:\Windows\system32\pnrpnsp.dll
0x00007ffb0bbc0000 - 0x00007ffb0bbdb000 	C:\Windows\system32\NLAapi.dll
0x00007ffb0d780000 - 0x00007ffb0d824000 	C:\Windows\SYSTEM32\DNSAPI.dll
0x00007ffafdbb0000 - 0x00007ffafdbbd000 	C:\Windows\System32\winrnr.dll
0x00007ffb008c0000 - 0x00007ffb008ca000 	C:\Windows\System32\rasadhlp.dll
0x00007ffb090a0000 - 0x00007ffb090ca000 	C:\Windows\SYSTEM32\IPHLPAPI.DLL
0x00007ffb09080000 - 0x00007ffb0908a000 	C:\Windows\SYSTEM32\WINNSI.DLL
0x00007ffb08fc0000 - 0x00007ffb0902b000 	C:\Windows\System32\fwpuclnt.dll
0x00000000589a0000 - 0x00000000589ad000 	C:\Program Files\Java\jdk1.8.0_111\jre\bin\management.dll
0x00000000589e0000 - 0x00000000589f1000 	C:\Program Files\Java\jdk1.8.0_111\jre\bin\nio.dll

VM Arguments:
jvm_args: -Denv=development -Dgrails.env=development -Dgrails.full.stacktrace -Dinfo.app.grailsVersion=3.0.0 -Dinfo.app.name=ScodingChallenge -Dinfo.app.version=0.1 -XX:+TieredCompilation -XX:TieredStopAtLevel=1 -XX:CICompilerCount=3 -javaagent:C:\Users\AR Nicolae\.gradle\caches\modules-2\files-2.1\org.springframework\springloaded\1.2.3.RELEASE\adb44a1feaae2d717b534fec52210f1838de4aed\springloaded-1.2.3.RELEASE.jar -Xverify:none -Xms768m -Xmx768m -Dfile.encoding=windows-1252 -Duser.country=US -Duser.language=en -Duser.variant 
java_command: scodingchallenge.Application
java_class_path (initial): E:\SSCodingChallenge\ScodingChallenge\src\main\resources;E:\SSCodingChallenge\ScodingChallenge\grails-app\views;E:\SSCodingChallenge\ScodingChallenge\grails-app\i18n;E:\SSCodingChallenge\ScodingChallenge\grails-app\conf;E:\SSCodingChallenge\ScodingChallenge\build\classes\main;E:\SSCodingChallenge\ScodingChallenge\build\resources\main;C:\Users\AR Nicolae\.gradle\caches\modules-2\files-2.1\org.springframework.boot\spring-boot-starter-logging\1.2.3.RELEASE\43093c137ea9c6d26ca6341e17295c0a6c506dfb\spring-boot-starter-logging-1.2.3.RELEASE.jar;C:\Users\AR Nicolae\.gradle\caches\modules-2\files-2.1\org.springframework.boot\spring-boot-starter-actuator\1.2.3.RELEASE\e4cf4c22717f7e235909088d44eb2cea5a96de37\spring-boot-starter-actuator-1.2.3.RELEASE.jar;C:\Users\AR Nicolae\.gradle\caches\modules-2\files-2.1\org.springframework.boot\spring-boot-autoconfigure\1.2.3.RELEASE\11175f217ac34bdacd6282cd44310f211121e270\spring-boot-autoconfigure-1.2.3.RELEASE.jar;C:\Users\AR Nicolae\.gradle\caches\modules-2\files-2.1\org.springframework.boot\spring-boot-starter-tomcat\1.2.3.RELEASE\32de443f4e43ceee62c3e1e855fee076fec546b3\spring-boot-starter-tomcat-1.2.3.RELEASE.jar;C:\Users\AR Nicolae\.gradle\caches\modules-2\files-2.1\org.grails\grails-web-boot\3.0.0\13b2a65f3523df28094ff0e24ba22b5a3da9dd5a\grails-web-boot-3.0.0.jar;C:\Users\AR Nicolae\.gradle\caches\modules-2\files-2.1\org.grails.plugins\hibernate\4.3.8.0\315d9205dc174b125e3dbee7b651ca18ae30cc16\hibernate-4.3.8.0.jar;C:\Users\AR Nicolae\.gradle\caches\modules-2\files-2.1\org.grails.plugins\cache\3.0.1\7a360b62877f81907d9aa6f76b8019912d3a2031\cache-3.0.1.jar;C:\Users\AR Nicolae\.gradle\caches\modules-2\files-2.1\org.hibernate\hibernate-ehcache\4.3.8.Final\f040321945cbc2040d49f6cd9e273b4a76b59258\hibernate-ehcache-4.3.8.Final.jar;C:\Users\AR Nicolae\.gradle\caches\modules-2\files-2.1\org.grails.plugins\asset-pipeline\3.0.0\d8cd3b37325b0559d42f6566aa1cf4394c104f61\asset-pipeline-3.0.0.jar;C:\Users\AR Nic
Launcher Type: SUN_STANDARD

Environment Variables:
JAVA_HOME=C:\Program Files\Java\jdk1.8.0_111
PATH=C:\Windows\system32;C:\Windows;C:\Windows\System32\Wbem;C:\Windows\System32\WindowsPowerShell\v1.0\;C:\Program Files (x86)\Skype\Phone\;C:\Program Files (x86)\PuTTY\;E:\nodejs\;E:\Git\cmd;C:\Users\AR Nicolae\AppData\Roaming\npm;E:\grails-3.0.0\bin;C:\Program Files\Java\jdk1.8.0_111\bin
USERNAME=AR Nicolae
OS=Windows_NT
PROCESSOR_IDENTIFIER=Intel64 Family 6 Model 42 Stepping 7, GenuineIntel



---------------  S Y S T E M  ---------------

OS: Windows 8.1 , 64 bit Build 9600 (6.3.9600.17415)

CPU:total 4 (2 cores per cpu, 2 threads per core) family 6 model 42 stepping 7, cmov, cx8, fxsr, mmx, sse, sse2, sse3, ssse3, sse4.1, sse4.2, popcnt, avx, aes, clmul, ht, tsc, tscinvbit

Memory: 4k page, physical 8296812k(1991612k free), swap 8296812k(5132k free)

vm_info: Java HotSpot(TM) 64-Bit Server VM (25.111-b14) for windows-amd64 JRE (1.8.0_111-b14), built on Sep 22 2016 19:24:05 by "java_re" with MS VC++ 10.0 (VS2010)

time: Sun Nov 06 13:14:43 2016
elapsed time: 7 seconds (0d 0h 0m 7s)

